2026-03-16 18:59:53,348 arches.app.utils.data_management.resource_graphs.importer WARNING  No ontologies have been loaded. Any GraphModel that depends on an ontology cannot be loaded.
2026-03-16 19:00:21,152 django.request ERROR    Internal Server Error: /
Traceback (most recent call last):
  File "/usr/local/lib/python3.11/dist-packages/webpack_loader/loaders.py", line 26, in load_assets
    with open(self.config["STATS_FILE"], encoding="utf-8") as f:
         ^^^^^^^^^^^^^^^^^^^^^^^^^^^^^^^^^^^^^^^^^^^^^^^^^
FileNotFoundError: [Errno 2] No such file or directory: '/web_root/marine_weather/marine_weather/../webpack/webpack-stats.json'

During handling of the above exception, another exception occurred:

Traceback (most recent call last):
  File "/usr/local/lib/python3.11/dist-packages/django/core/handlers/exception.py", line 55, in inner
    response = get_response(request)
               ^^^^^^^^^^^^^^^^^^^^^
  File "/usr/local/lib/python3.11/dist-packages/django/core/handlers/base.py", line 197, in _get_response
    response = wrapped_callback(request, *callback_args, **callback_kwargs)
               ^^^^^^^^^^^^^^^^^^^^^^^^^^^^^^^^^^^^^^^^^^^^^^^^^^^^^^^^^^^^
  File "/web_root/arches/arches/app/views/main.py", line 34, in index
    return render(
           ^^^^^^^
  File "/usr/local/lib/python3.11/dist-packages/django/shortcuts.py", line 25, in render
    content = loader.render_to_string(template_name, context, request, using=using)
              ^^^^^^^^^^^^^^^^^^^^^^^^^^^^^^^^^^^^^^^^^^^^^^^^^^^^^^^^^^^^^^^^^^^^^
  File "/usr/local/lib/python3.11/dist-packages/django/template/loader.py", line 62, in render_to_string
    return template.render(context, request)
           ^^^^^^^^^^^^^^^^^^^^^^^^^^^^^^^^^
  File "/usr/local/lib/python3.11/dist-packages/django/template/backends/django.py", line 107, in render
    return self.template.render(context)
           ^^^^^^^^^^^^^^^^^^^^^^^^^^^^^
  File "/usr/local/lib/python3.11/dist-packages/django/template/base.py", line 172, in render
    return self._render(context)
           ^^^^^^^^^^^^^^^^^^^^^
  File "/usr/local/lib/python3.11/dist-packages/django/template/base.py", line 164, in _render
    return self.nodelist.render(context)
           ^^^^^^^^^^^^^^^^^^^^^^^^^^^^^
  File "/usr/local/lib/python3.11/dist-packages/django/template/base.py", line 1018, in render
    return SafeString("".join([node.render_annotated(context) for node in self]))
                              ^^^^^^^^^^^^^^^^^^^^^^^^^^^^^^^^^^^^^^^^^^^^^^^^^
  File "/usr/local/lib/python3.11/dist-packages/django/template/base.py", line 1018, in <listcomp>
    return SafeString("".join([node.render_annotated(context) for node in self]))
                               ^^^^^^^^^^^^^^^^^^^^^^^^^^^^^^
  File "/usr/local/lib/python3.11/dist-packages/django/template/base.py", line 979, in render_annotated
    return self.render(context)
           ^^^^^^^^^^^^^^^^^^^^
  File "/usr/local/lib/python3.11/dist-packages/django/template/library.py", line 324, in render
    output = self.func(*resolved_args, **resolved_kwargs)
             ^^^^^^^^^^^^^^^^^^^^^^^^^^^^^^^^^^^^^^^^^^^^
  File "/usr/local/lib/python3.11/dist-packages/webpack_loader/templatetags/webpack_loader.py", line 44, in webpack_static
    return utils.get_static(asset_name, config=config)
           ^^^^^^^^^^^^^^^^^^^^^^^^^^^^^^^^^^^^^^^^^^^
  File "/usr/local/lib/python3.11/dist-packages/webpack_loader/utils.py", line 122, in get_static
    public_path = get_loader(config).get_assets().get('publicPath')
                  ^^^^^^^^^^^^^^^^^^^^^^^^^^^^^^^
  File "/usr/local/lib/python3.11/dist-packages/webpack_loader/loaders.py", line 39, in get_assets
    return self.load_assets()
           ^^^^^^^^^^^^^^^^^^
  File "/usr/local/lib/python3.11/dist-packages/webpack_loader/loaders.py", line 29, in load_assets
    raise IOError(
OSError: Error reading /web_root/marine_weather/marine_weather/../webpack/webpack-stats.json. Are you sure webpack has generated the file and the path is correct?
2026-03-16 19:00:21,429 django.request WARNING  Not Found: /favicon.ico
2026-03-16 22:14:26,754 django.request WARNING  Not Found: /api/graphs/marine_weather/blank
2026-03-16 22:14:26,954 django.request WARNING  Not Found: /favicon.ico
2026-03-16 22:14:33,170 django.request WARNING  Not Found: /favicon.ico
2026-03-16 22:14:54,041 django.request WARNING  Not Found: /favicon.ico
2026-03-16 22:15:50,477 django.request WARNING  Not Found: /favicon.ico
2026-03-16 22:40:19,341 django.request WARNING  Not Found: /resource/descriptors/a106c400-260c-11e7-a604-14109fd34195
2026-03-16 22:40:32,735 django.request WARNING  Not Found: /mvt/a2919893-9e40-4e26-a4cc-84754076b7f1/5/3/11.pbf
2026-03-16 22:40:34,826 django.request WARNING  Not Found: /mvt/a2919893-9e40-4e26-a4cc-84754076b7f1/5/6/11.pbf
2026-03-16 22:40:34,842 django.request WARNING  Not Found: /mvt/a2919893-9e40-4e26-a4cc-84754076b7f1/5/6/10.pbf
2026-03-16 22:40:35,889 django.request WARNING  Not Found: /mvt/a2919893-9e40-4e26-a4cc-84754076b7f1/6/11/22.pbf
2026-03-16 22:40:35,901 django.request WARNING  Not Found: /mvt/a2919893-9e40-4e26-a4cc-84754076b7f1/6/11/21.pbf
2026-03-16 22:40:36,050 django.request WARNING  Not Found: /mvt/a2919893-9e40-4e26-a4cc-84754076b7f1/7/21/43.pbf
2026-03-16 22:40:36,111 django.request WARNING  Not Found: /mvt/a2919893-9e40-4e26-a4cc-84754076b7f1/7/21/44.pbf
2026-03-16 22:40:36,260 django.request WARNING  Not Found: /mvt/a2919893-9e40-4e26-a4cc-84754076b7f1/8/39/87.pbf
2026-03-16 22:40:36,340 django.request WARNING  Not Found: /mvt/a2919893-9e40-4e26-a4cc-84754076b7f1/8/40/86.pbf
2026-03-16 22:40:36,366 django.request WARNING  Not Found: /mvt/a2919893-9e40-4e26-a4cc-84754076b7f1/8/41/88.pbf
2026-03-16 22:40:36,400 django.request WARNING  Not Found: /mvt/a2919893-9e40-4e26-a4cc-84754076b7f1/8/41/87.pbf
2026-03-16 22:40:36,426 django.request WARNING  Not Found: /mvt/a2919893-9e40-4e26-a4cc-84754076b7f1/8/41/86.pbf
2026-03-16 22:40:36,485 django.request WARNING  Not Found: /mvt/a2919893-9e40-4e26-a4cc-84754076b7f1/8/39/88.pbf
2026-03-16 22:41:42,517 django.request WARNING  Not Found: /mvt/a2919893-9e40-4e26-a4cc-84754076b7f1/6/10/20.pbf
2026-03-16 22:41:43,093 django.request WARNING  Not Found: /mvt/a2919893-9e40-4e26-a4cc-84754076b7f1/7/17/40.pbf
2026-03-16 22:41:43,283 django.request WARNING  Not Found: /mvt/a2919893-9e40-4e26-a4cc-84754076b7f1/8/34/81.pbf
2026-03-16 22:41:43,292 django.request WARNING  Not Found: /mvt/a2919893-9e40-4e26-a4cc-84754076b7f1/8/33/82.pbf
2026-03-16 22:41:43,481 django.request WARNING  Not Found: /mvt/a2919893-9e40-4e26-a4cc-84754076b7f1/9/67/164.pbf
2026-03-16 22:41:43,513 django.request WARNING  Not Found: /mvt/a2919893-9e40-4e26-a4cc-84754076b7f1/9/67/162.pbf
2026-03-16 22:41:43,521 django.request WARNING  Not Found: /mvt/a2919893-9e40-4e26-a4cc-84754076b7f1/9/66/163.pbf
2026-03-16 22:41:43,554 django.request WARNING  Not Found: /mvt/a2919893-9e40-4e26-a4cc-84754076b7f1/9/68/163.pbf
2026-03-16 22:41:43,562 django.request WARNING  Not Found: /mvt/a2919893-9e40-4e26-a4cc-84754076b7f1/9/66/162.pbf
2026-03-16 22:41:43,599 django.request WARNING  Not Found: /mvt/a2919893-9e40-4e26-a4cc-84754076b7f1/9/66/164.pbf
2026-03-16 22:41:43,633 django.request WARNING  Not Found: /mvt/a2919893-9e40-4e26-a4cc-84754076b7f1/9/68/164.pbf
2026-03-16 22:41:43,730 django.request WARNING  Not Found: /mvt/a2919893-9e40-4e26-a4cc-84754076b7f1/10/134/327.pbf
2026-03-16 22:41:43,752 django.request WARNING  Not Found: /mvt/a2919893-9e40-4e26-a4cc-84754076b7f1/10/135/326.pbf
2026-03-16 22:41:43,781 django.request WARNING  Not Found: /mvt/a2919893-9e40-4e26-a4cc-84754076b7f1/10/136/326.pbf
2026-03-16 22:41:43,791 django.request WARNING  Not Found: /mvt/a2919893-9e40-4e26-a4cc-84754076b7f1/10/134/326.pbf
2026-03-16 22:41:43,803 django.request WARNING  Not Found: /mvt/a2919893-9e40-4e26-a4cc-84754076b7f1/10/136/327.pbf
2026-03-16 22:41:43,932 django.request WARNING  Not Found: /mvt/a2919893-9e40-4e26-a4cc-84754076b7f1/11/270/653.pbf
2026-03-16 22:41:43,955 django.request WARNING  Not Found: /mvt/a2919893-9e40-4e26-a4cc-84754076b7f1/11/269/654.pbf
2026-03-16 22:41:43,971 django.request WARNING  Not Found: /mvt/a2919893-9e40-4e26-a4cc-84754076b7f1/11/271/654.pbf
2026-03-16 22:41:43,986 django.request WARNING  Not Found: /mvt/a2919893-9e40-4e26-a4cc-84754076b7f1/11/271/653.pbf
2026-03-16 22:41:44,002 django.request WARNING  Not Found: /mvt/a2919893-9e40-4e26-a4cc-84754076b7f1/11/269/653.pbf
2026-03-16 22:41:44,140 django.request WARNING  Not Found: /mvt/a2919893-9e40-4e26-a4cc-84754076b7f1/12/541/1307.pbf
2026-03-16 22:41:44,164 django.request WARNING  Not Found: /mvt/a2919893-9e40-4e26-a4cc-84754076b7f1/12/540/1308.pbf
2026-03-16 22:41:44,173 django.request WARNING  Not Found: /mvt/a2919893-9e40-4e26-a4cc-84754076b7f1/12/540/1307.pbf
2026-03-16 22:41:44,579 django.request WARNING  Not Found: /mvt/a2919893-9e40-4e26-a4cc-84754076b7f1/13/1082/2615.pbf
2026-03-16 22:41:44,597 django.request WARNING  Not Found: /mvt/a2919893-9e40-4e26-a4cc-84754076b7f1/13/1083/2616.pbf
2026-03-16 22:41:44,613 django.request WARNING  Not Found: /mvt/a2919893-9e40-4e26-a4cc-84754076b7f1/13/1083/2615.pbf
2026-03-16 22:41:44,638 django.request WARNING  Not Found: /mvt/a2919893-9e40-4e26-a4cc-84754076b7f1/13/1081/2616.pbf
2026-03-16 22:41:44,642 django.request WARNING  Not Found: /mvt/a2919893-9e40-4e26-a4cc-84754076b7f1/13/1081/2615.pbf
2026-03-16 22:41:44,872 django.request WARNING  Not Found: /mvt/a2919893-9e40-4e26-a4cc-84754076b7f1/14/2164/5231.pbf
2026-03-16 22:41:44,881 django.request WARNING  Not Found: /mvt/a2919893-9e40-4e26-a4cc-84754076b7f1/14/2165/5231.pbf
2026-03-16 22:41:44,905 django.request WARNING  Not Found: /mvt/a2919893-9e40-4e26-a4cc-84754076b7f1/14/2163/5231.pbf
2026-03-16 22:41:44,913 django.request WARNING  Not Found: /mvt/a2919893-9e40-4e26-a4cc-84754076b7f1/14/2163/5232.pbf
2026-03-16 22:41:44,927 django.request WARNING  Not Found: /mvt/a2919893-9e40-4e26-a4cc-84754076b7f1/14/2165/5232.pbf
2026-03-16 22:41:45,343 django.request WARNING  Not Found: /mvt/a2919893-9e40-4e26-a4cc-84754076b7f1/15/4328/10463.pbf
2026-03-16 22:41:45,357 django.request WARNING  Not Found: /mvt/a2919893-9e40-4e26-a4cc-84754076b7f1/15/4327/10463.pbf
2026-03-16 22:41:45,399 django.request WARNING  Not Found: /mvt/a2919893-9e40-4e26-a4cc-84754076b7f1/15/4329/10463.pbf
2026-03-16 22:41:45,399 django.request WARNING  Not Found: /mvt/a2919893-9e40-4e26-a4cc-84754076b7f1/15/4329/10464.pbf
2026-03-16 22:41:45,407 django.request WARNING  Not Found: /mvt/a2919893-9e40-4e26-a4cc-84754076b7f1/15/4327/10464.pbf
2026-03-16 22:41:46,094 django.request WARNING  Not Found: /mvt/a2919893-9e40-4e26-a4cc-84754076b7f1/16/8657/20927.pbf
2026-03-16 22:41:46,101 django.request WARNING  Not Found: /mvt/a2919893-9e40-4e26-a4cc-84754076b7f1/16/8656/20927.pbf
2026-03-16 22:41:46,106 django.request WARNING  Not Found: /mvt/a2919893-9e40-4e26-a4cc-84754076b7f1/16/8656/20928.pbf
2026-03-16 22:41:46,122 django.request WARNING  Not Found: /mvt/a2919893-9e40-4e26-a4cc-84754076b7f1/16/8658/20927.pbf
2026-03-16 22:41:46,137 django.request WARNING  Not Found: /mvt/a2919893-9e40-4e26-a4cc-84754076b7f1/16/8658/20928.pbf
2026-03-16 22:41:48,059 django.request WARNING  Not Found: /mvt/a2919893-9e40-4e26-a4cc-84754076b7f1/17/17315/41856.pbf
2026-03-16 22:41:48,079 django.request WARNING  Not Found: /mvt/a2919893-9e40-4e26-a4cc-84754076b7f1/17/17314/41857.pbf
2026-03-16 22:41:48,087 django.request WARNING  Not Found: /mvt/a2919893-9e40-4e26-a4cc-84754076b7f1/17/17313/41857.pbf
2026-03-16 22:41:48,103 django.request WARNING  Not Found: /mvt/a2919893-9e40-4e26-a4cc-84754076b7f1/17/17313/41856.pbf
2026-03-16 22:41:48,117 django.request WARNING  Not Found: /mvt/a2919893-9e40-4e26-a4cc-84754076b7f1/17/17315/41857.pbf
2026-03-16 22:42:58,705 django.request WARNING  Not Found: /mvt/a2919893-9e40-4e26-a4cc-84754076b7f1/5/3/11.pbf
2026-03-16 22:43:01,764 django.request WARNING  Not Found: /mvt/a2919893-9e40-4e26-a4cc-84754076b7f1/7/16/43.pbf
2026-03-16 22:43:01,791 django.request WARNING  Not Found: /mvt/a2919893-9e40-4e26-a4cc-84754076b7f1/7/16/42.pbf
2026-03-16 22:43:04,130 django.request WARNING  Not Found: /mvt/a2919893-9e40-4e26-a4cc-84754076b7f1/8/34/85.pbf
2026-03-16 22:43:04,678 django.request WARNING  Not Found: /mvt/a2919893-9e40-4e26-a4cc-84754076b7f1/9/68/169.pbf
2026-03-16 22:43:04,718 django.request WARNING  Not Found: /mvt/a2919893-9e40-4e26-a4cc-84754076b7f1/9/70/169.pbf
2026-03-16 22:43:04,726 django.request WARNING  Not Found: /mvt/a2919893-9e40-4e26-a4cc-84754076b7f1/9/68/170.pbf
2026-03-16 22:43:04,735 django.request WARNING  Not Found: /mvt/a2919893-9e40-4e26-a4cc-84754076b7f1/9/69/168.pbf
2026-03-16 22:43:04,751 django.request WARNING  Not Found: /mvt/a2919893-9e40-4e26-a4cc-84754076b7f1/9/69/170.pbf
2026-03-16 22:43:04,784 django.request WARNING  Not Found: /mvt/a2919893-9e40-4e26-a4cc-84754076b7f1/9/70/168.pbf
2026-03-16 22:43:04,811 django.request WARNING  Not Found: /mvt/a2919893-9e40-4e26-a4cc-84754076b7f1/9/68/168.pbf
2026-03-16 22:43:09,866 django.request WARNING  Not Found: /mvt/a2919893-9e40-4e26-a4cc-84754076b7f1/9/70/170.pbf
2026-03-16 22:43:09,872 django.request WARNING  Not Found: /mvt/a2919893-9e40-4e26-a4cc-84754076b7f1/9/68/170.pbf
2026-03-16 22:43:09,872 django.request WARNING  Not Found: /mvt/a2919893-9e40-4e26-a4cc-84754076b7f1/9/69/170.pbf
2026-03-16 22:47:42,673 django.request WARNING  Not Found: /mvt/a2919893-9e40-4e26-a4cc-84754076b7f1/1/0/1.pbf
2026-03-16 22:47:42,749 django.request WARNING  Not Found: /mvt/a2919893-9e40-4e26-a4cc-84754076b7f1/1/1/1.pbf
2026-03-16 22:47:42,809 django.request WARNING  Not Found: /mvt/a2919893-9e40-4e26-a4cc-84754076b7f1/1/1/0.pbf
2026-03-16 22:47:43,300 django.request WARNING  Not Found: /mvt/a2919893-9e40-4e26-a4cc-84754076b7f1/1/1/1.pbf
2026-03-16 22:47:43,305 django.request WARNING  Not Found: /mvt/a2919893-9e40-4e26-a4cc-84754076b7f1/1/1/0.pbf
2026-03-16 22:47:43,616 django.request WARNING  Not Found: /mvt/a2919893-9e40-4e26-a4cc-84754076b7f1/2/3/0.pbf
2026-03-16 22:47:43,627 django.request WARNING  Not Found: /mvt/a2919893-9e40-4e26-a4cc-84754076b7f1/2/1/0.pbf
2026-03-16 22:47:43,644 django.request WARNING  Not Found: /mvt/a2919893-9e40-4e26-a4cc-84754076b7f1/2/1/1.pbf
2026-03-16 22:47:43,650 django.request WARNING  Not Found: /mvt/a2919893-9e40-4e26-a4cc-84754076b7f1/2/0/0.pbf
2026-03-16 22:47:43,681 django.request WARNING  Not Found: /mvt/a2919893-9e40-4e26-a4cc-84754076b7f1/2/0/2.pbf
2026-03-16 22:47:43,699 django.request WARNING  Not Found: /mvt/a2919893-9e40-4e26-a4cc-84754076b7f1/2/3/1.pbf
2026-03-16 22:47:43,708 django.request WARNING  Not Found: /mvt/a2919893-9e40-4e26-a4cc-84754076b7f1/2/3/2.pbf
2026-03-16 22:47:43,832 django.request WARNING  Not Found: /mvt/a2919893-9e40-4e26-a4cc-84754076b7f1/3/1/3.pbf
2026-03-16 22:47:43,873 django.request WARNING  Not Found: /mvt/a2919893-9e40-4e26-a4cc-84754076b7f1/3/2/2.pbf
2026-03-16 22:47:43,913 django.request WARNING  Not Found: /mvt/a2919893-9e40-4e26-a4cc-84754076b7f1/3/0/3.pbf
2026-03-16 22:47:44,042 django.request WARNING  Not Found: /mvt/a2919893-9e40-4e26-a4cc-84754076b7f1/4/2/4.pbf
2026-03-16 22:47:44,050 django.request WARNING  Not Found: /mvt/a2919893-9e40-4e26-a4cc-84754076b7f1/4/1/4.pbf
2026-03-16 22:47:44,059 django.request WARNING  Not Found: /mvt/a2919893-9e40-4e26-a4cc-84754076b7f1/4/3/4.pbf
2026-03-16 22:47:44,607 django.request WARNING  Not Found: /mvt/a2919893-9e40-4e26-a4cc-84754076b7f1/5/3/11.pbf
2026-03-16 22:47:51,877 django.request WARNING  Not Found: /mvt/a2919893-9e40-4e26-a4cc-84754076b7f1/8/41/87.pbf
2026-03-16 22:47:51,903 django.request WARNING  Not Found: /mvt/a2919893-9e40-4e26-a4cc-84754076b7f1/8/39/88.pbf
2026-03-16 22:47:51,924 django.request WARNING  Not Found: /mvt/a2919893-9e40-4e26-a4cc-84754076b7f1/8/39/87.pbf
2026-03-16 23:23:34,465 arches.app.utils.data_management.resource_graphs.importer WARNING  No ontologies have been loaded. Any GraphModel that depends on an ontology cannot be loaded.
2026-03-16 23:28:13,598 arches.management.commands.packages WARNING  No branches in package
2026-03-16 23:28:13,601 arches.app.utils.data_management.resource_graphs.importer WARNING  No ontologies have been loaded. Any GraphModel that depends on an ontology cannot be loaded.
2026-03-16 23:28:14,902 arches.app.utils.data_management.resource_graphs.importer WARNING  No ontologies have been loaded. Any GraphModel that depends on an ontology cannot be loaded.
2026-03-16 23:39:46,174 django.request WARNING  Not Found: /favicon.ico
2026-03-17 00:46:28,382 django.request WARNING  Not Found: /resource/descriptors/a106c400-260c-11e7-a604-14109fd34195
2026-03-17 00:46:31,660 django.request WARNING  Not Found: /mvt/a2919893-9e40-4e26-a4cc-84754076b7f1/1/1/1.pbf
2026-03-17 00:46:31,745 django.request WARNING  Not Found: /mvt/a2919893-9e40-4e26-a4cc-84754076b7f1/1/0/1.pbf
2026-03-17 00:46:31,773 django.request WARNING  Not Found: /mvt/a2919893-9e40-4e26-a4cc-84754076b7f1/1/1/0.pbf
2026-03-17 00:46:32,412 django.request WARNING  Not Found: /mvt/a2919893-9e40-4e26-a4cc-84754076b7f1/1/1/1.pbf
2026-03-17 00:46:32,430 django.request WARNING  Not Found: /mvt/a2919893-9e40-4e26-a4cc-84754076b7f1/1/1/0.pbf
2026-03-17 00:46:32,569 django.request WARNING  Not Found: /mvt/a2919893-9e40-4e26-a4cc-84754076b7f1/2/1/1.pbf
2026-03-17 00:46:32,632 django.request WARNING  Not Found: /mvt/a2919893-9e40-4e26-a4cc-84754076b7f1/2/3/1.pbf
2026-03-17 00:46:32,642 django.request WARNING  Not Found: /mvt/a2919893-9e40-4e26-a4cc-84754076b7f1/2/1/2.pbf
2026-03-17 00:46:32,653 django.request WARNING  Not Found: /mvt/a2919893-9e40-4e26-a4cc-84754076b7f1/2/3/2.pbf
2026-03-17 00:46:32,679 django.request WARNING  Not Found: /mvt/a2919893-9e40-4e26-a4cc-84754076b7f1/2/1/0.pbf
2026-03-17 00:46:32,700 django.request WARNING  Not Found: /mvt/a2919893-9e40-4e26-a4cc-84754076b7f1/2/0/0.pbf
2026-03-17 00:46:32,766 django.request WARNING  Not Found: /mvt/a2919893-9e40-4e26-a4cc-84754076b7f1/2/3/0.pbf
2026-03-17 00:46:32,825 django.request WARNING  Not Found: /mvt/a2919893-9e40-4e26-a4cc-84754076b7f1/2/0/2.pbf
2026-03-17 00:46:32,907 django.request WARNING  Not Found: /mvt/a2919893-9e40-4e26-a4cc-84754076b7f1/3/0/3.pbf
2026-03-17 00:46:32,990 django.request WARNING  Not Found: /mvt/a2919893-9e40-4e26-a4cc-84754076b7f1/3/2/2.pbf
2026-03-17 00:46:33,032 django.request WARNING  Not Found: /mvt/a2919893-9e40-4e26-a4cc-84754076b7f1/3/2/3.pbf
2026-03-17 00:46:33,078 django.request WARNING  Not Found: /mvt/a2919893-9e40-4e26-a4cc-84754076b7f1/3/1/3.pbf
2026-03-17 00:46:33,130 django.request WARNING  Not Found: /mvt/a2919893-9e40-4e26-a4cc-84754076b7f1/4/3/5.pbf
2026-03-17 00:46:33,166 django.request WARNING  Not Found: /mvt/a2919893-9e40-4e26-a4cc-84754076b7f1/4/2/4.pbf
2026-03-17 00:46:33,176 django.request WARNING  Not Found: /mvt/a2919893-9e40-4e26-a4cc-84754076b7f1/4/3/4.pbf
2026-03-17 00:46:33,198 django.request WARNING  Not Found: /mvt/a2919893-9e40-4e26-a4cc-84754076b7f1/4/1/4.pbf
2026-03-17 00:46:33,689 django.request WARNING  Not Found: /mvt/a2919893-9e40-4e26-a4cc-84754076b7f1/5/3/11.pbf
2026-03-17 00:47:11,064 django.request WARNING  Not Found: /mvt/a2919893-9e40-4e26-a4cc-84754076b7f1/7/19/45.pbf
2026-03-17 00:47:11,066 django.request WARNING  Not Found: /mvt/a2919893-9e40-4e26-a4cc-84754076b7f1/7/20/45.pbf
